16:20:34,515  INFO [AWT-EventQueue-0] org.archid.civ4.schema.SchemaParser - E:\WinMyDocs\My Games\Beyond the Sword\MODS\Archid-Base\Assets\Xml\Units\CIV4UnitSchema.xml: Could not parse line 		<group order="seq" minOccurs="0">
16:20:34,515  INFO [AWT-EventQueue-0] org.archid.civ4.schema.SchemaParser - E:\WinMyDocs\My Games\Beyond the Sword\MODS\Archid-Base\Assets\Xml\Units\CIV4UnitSchema.xml: Could not parse line 		</group>
16:20:34,524  INFO [AWT-EventQueue-0] org.archid.civ4.schema.SchemaParser - E:\WinMyDocs\My Games\Beyond the Sword\MODS\Archid-Base\Assets\Xml\Units\CIV4UnitSchema.xml: Could not parse line 		<group order="seq" minOccurs="0">
16:20:34,524  INFO [AWT-EventQueue-0] org.archid.civ4.schema.SchemaParser - E:\WinMyDocs\My Games\Beyond the Sword\MODS\Archid-Base\Assets\Xml\Units\CIV4UnitSchema.xml: Could not parse line 		</group>
16:20:34,528  INFO [AWT-EventQueue-0] org.archid.civ4.schema.HtmlGenerator - Creating html Civ4UnitCombatInfos from UnitCombatInfos
16:27:51,049  INFO [AWT-EventQueue-0] org.archid.civ4.schema.SchemaParser - E:\WinMyDocs\My Games\Beyond the Sword\MODS\Archid-Base\Assets\Xml\Units\CIV4UnitSchema.xml: Could not parse line 		<group order="seq" minOccurs="0">
16:27:51,050  INFO [AWT-EventQueue-0] org.archid.civ4.schema.SchemaParser - E:\WinMyDocs\My Games\Beyond the Sword\MODS\Archid-Base\Assets\Xml\Units\CIV4UnitSchema.xml: Could not parse line 		</group>
16:27:51,062  INFO [AWT-EventQueue-0] org.archid.civ4.schema.SchemaParser - E:\WinMyDocs\My Games\Beyond the Sword\MODS\Archid-Base\Assets\Xml\Units\CIV4UnitSchema.xml: Could not parse line 		<group order="seq" minOccurs="0">
16:27:51,062  INFO [AWT-EventQueue-0] org.archid.civ4.schema.SchemaParser - E:\WinMyDocs\My Games\Beyond the Sword\MODS\Archid-Base\Assets\Xml\Units\CIV4UnitSchema.xml: Could not parse line 		</group>
16:27:51,065  INFO [AWT-EventQueue-0] org.archid.civ4.schema.HtmlGenerator - Creating html Civ4PromotionInfos from PromotionInfos
16:27:51,071  INFO [AWT-EventQueue-0] org.archid.civ4.schema.HtmlGenerator - Creating html Civ4DomainInfos from DomainInfos
16:27:51,072  INFO [AWT-EventQueue-0] org.archid.civ4.schema.HtmlGenerator - Creating html Civ4EntityEventInfos from EntityEventInfos
16:27:51,074  INFO [AWT-EventQueue-0] org.archid.civ4.schema.HtmlGenerator - Creating html Civ4UnitCombatInfos from UnitCombatInfos
16:27:51,075  INFO [AWT-EventQueue-0] org.archid.civ4.schema.HtmlGenerator - Creating html Civ4ControlInfos from ControlInfos
16:27:51,078  INFO [AWT-EventQueue-0] org.archid.civ4.schema.HtmlGenerator - Creating html Civ4AnimationPathInfos from AnimationPaths
16:27:51,079  INFO [AWT-EventQueue-0] org.archid.civ4.schema.HtmlGenerator - Creating html Civ4SpecialUnitInfos from SpecialUnitInfos
16:27:51,080  INFO [AWT-EventQueue-0] org.archid.civ4.schema.HtmlGenerator - Creating html Civ4AnimationInfos from AnimationCategories
16:27:51,081  INFO [AWT-EventQueue-0] org.archid.civ4.schema.HtmlGenerator - Creating html Civ4MissionInfos from MissionInfos
16:27:51,083  INFO [AWT-EventQueue-0] org.archid.civ4.schema.HtmlGenerator - Creating html Civ4CommandInfos from CommandInfos
16:27:51,084  INFO [AWT-EventQueue-0] org.archid.civ4.schema.HtmlGenerator - Creating html Civ4AutomateInfos from AutomateInfos
16:27:51,086  INFO [AWT-EventQueue-0] org.archid.civ4.schema.HtmlGenerator - Creating html Civ4BuildInfos from BuildInfos
16:27:51,088  INFO [AWT-EventQueue-0] org.archid.civ4.schema.HtmlGenerator - Creating html Civ4WeaponInfos from WeaponInfos
16:27:51,089  INFO [AWT-EventQueue-0] org.archid.civ4.schema.HtmlGenerator - Creating html Civ4UnitClassInfos from UnitClassInfos
16:27:51,090  INFO [AWT-EventQueue-0] org.archid.civ4.schema.HtmlGenerator - Creating html Civ4UnitInfos from UnitInfos
16:39:30,960  INFO [main] org.archid.civ4.schema.SchemaParser - E:\WinMyDocs\My Games\Beyond the Sword\MODS\Archid-Base\Assets\Xml\Units\CIV4UnitSchema.xml: Could not parse line 		<group order="seq" minOccurs="0">
16:39:30,962  INFO [main] org.archid.civ4.schema.SchemaParser - E:\WinMyDocs\My Games\Beyond the Sword\MODS\Archid-Base\Assets\Xml\Units\CIV4UnitSchema.xml: Could not parse line 		</group>
16:39:30,974  INFO [main] org.archid.civ4.schema.SchemaParser - E:\WinMyDocs\My Games\Beyond the Sword\MODS\Archid-Base\Assets\Xml\Units\CIV4UnitSchema.xml: Could not parse line 		<group order="seq" minOccurs="0">
16:39:30,974  INFO [main] org.archid.civ4.schema.SchemaParser - E:\WinMyDocs\My Games\Beyond the Sword\MODS\Archid-Base\Assets\Xml\Units\CIV4UnitSchema.xml: Could not parse line 		</group>
16:39:30,980  INFO [main] org.archid.civ4.schema.HtmlGenerator - Creating html Civ4WeaponInfos from WeaponInfos
16:39:30,982  INFO [main] org.archid.civ4.schema.HtmlGenerator - Creating html Civ4UnitClassInfos from UnitClassInfos
16:39:30,984  INFO [main] org.archid.civ4.schema.HtmlGenerator - Creating html Civ4MissionInfos from MissionInfos
16:39:30,988  INFO [main] org.archid.civ4.schema.HtmlGenerator - Creating html Civ4UnitCombatInfos from UnitCombatInfos
16:39:30,990  INFO [main] org.archid.civ4.schema.HtmlGenerator - Creating html Civ4UnitInfos from UnitInfos
16:39:31,000  INFO [main] org.archid.civ4.schema.HtmlGenerator - Creating html Civ4AnimationInfos from AnimationCategories
16:39:31,002  INFO [main] org.archid.civ4.schema.HtmlGenerator - Creating html Civ4ControlInfos from ControlInfos
16:39:31,004  INFO [main] org.archid.civ4.schema.HtmlGenerator - Creating html Civ4PromotionInfos from PromotionInfos
16:39:31,010  INFO [main] org.archid.civ4.schema.HtmlGenerator - Creating html Civ4SpecialUnitInfos from SpecialUnitInfos
16:39:31,012  INFO [main] org.archid.civ4.schema.HtmlGenerator - Creating html Civ4BuildInfos from BuildInfos
16:39:31,014  INFO [main] org.archid.civ4.schema.HtmlGenerator - Creating html Civ4AnimationPathInfos from AnimationPaths
16:39:31,016  INFO [main] org.archid.civ4.schema.HtmlGenerator - Creating html Civ4AutomateInfos from AutomateInfos
16:39:31,018  INFO [main] org.archid.civ4.schema.HtmlGenerator - Creating html Civ4DomainInfos from DomainInfos
16:39:31,024  INFO [main] org.archid.civ4.schema.HtmlGenerator - Creating html Civ4CommandInfos from CommandInfos
16:39:31,026  INFO [main] org.archid.civ4.schema.HtmlGenerator - Creating html Civ4EntityEventInfos from EntityEventInfos
16:40:23,514  INFO [main] org.archid.civ4.schema.SchemaParser - E:\WinMyDocs\My Games\Beyond the Sword\MODS\Archid-Base\Assets\Xml\Units\CIV4UnitSchema.xml: Could not parse line 		<group order="seq" minOccurs="0">
16:40:23,514  INFO [main] org.archid.civ4.schema.SchemaParser - E:\WinMyDocs\My Games\Beyond the Sword\MODS\Archid-Base\Assets\Xml\Units\CIV4UnitSchema.xml: Could not parse line 		</group>
16:40:23,528  INFO [main] org.archid.civ4.schema.SchemaParser - E:\WinMyDocs\My Games\Beyond the Sword\MODS\Archid-Base\Assets\Xml\Units\CIV4UnitSchema.xml: Could not parse line 		<group order="seq" minOccurs="0">
16:40:23,528  INFO [main] org.archid.civ4.schema.SchemaParser - E:\WinMyDocs\My Games\Beyond the Sword\MODS\Archid-Base\Assets\Xml\Units\CIV4UnitSchema.xml: Could not parse line 		</group>
16:40:23,532  INFO [main] org.archid.civ4.schema.HtmlGenerator - Creating html Civ4AnimationInfos from AnimationCategories
16:40:23,536  INFO [main] org.archid.civ4.schema.HtmlGenerator - Creating html Civ4AnimationPathInfos from AnimationPaths
16:40:23,538  INFO [main] org.archid.civ4.schema.HtmlGenerator - Creating html Civ4BuildInfos from BuildInfos
16:40:23,540  INFO [main] org.archid.civ4.schema.HtmlGenerator - Creating html Civ4EntityEventInfos from EntityEventInfos
16:40:23,542  INFO [main] org.archid.civ4.schema.HtmlGenerator - Creating html Civ4DomainInfos from DomainInfos
16:40:23,542  INFO [main] org.archid.civ4.schema.HtmlGenerator - Creating html Civ4PromotionInfos from PromotionInfos
16:40:23,548  INFO [main] org.archid.civ4.schema.HtmlGenerator - Creating html Civ4AutomateInfos from AutomateInfos
16:40:23,550  INFO [main] org.archid.civ4.schema.HtmlGenerator - Creating html Civ4CommandInfos from CommandInfos
16:40:23,552  INFO [main] org.archid.civ4.schema.HtmlGenerator - Creating html Civ4SpecialUnitInfos from SpecialUnitInfos
16:40:23,552  INFO [main] org.archid.civ4.schema.HtmlGenerator - Creating html Civ4UnitInfos from UnitInfos
16:40:23,562  INFO [main] org.archid.civ4.schema.HtmlGenerator - Creating html Civ4UnitCombatInfos from UnitCombatInfos
16:40:23,564  INFO [main] org.archid.civ4.schema.HtmlGenerator - Creating html Civ4UnitClassInfos from UnitClassInfos
16:40:23,566  INFO [main] org.archid.civ4.schema.HtmlGenerator - Creating html Civ4WeaponInfos from WeaponInfos
16:40:23,568  INFO [main] org.archid.civ4.schema.HtmlGenerator - Creating html Civ4ControlInfos from ControlInfos
16:40:23,570  INFO [main] org.archid.civ4.schema.HtmlGenerator - Creating html Civ4MissionInfos from MissionInfos
16:41:00,877  INFO [main] org.archid.civ4.schema.SchemaParser - E:\WinMyDocs\My Games\Beyond the Sword\MODS\Archid-Base\Assets\Xml\Units\CIV4UnitSchema.xml: Could not parse line 		<group order="seq" minOccurs="0">
16:41:00,879  INFO [main] org.archid.civ4.schema.SchemaParser - E:\WinMyDocs\My Games\Beyond the Sword\MODS\Archid-Base\Assets\Xml\Units\CIV4UnitSchema.xml: Could not parse line 		</group>
16:41:00,887  INFO [main] org.archid.civ4.schema.SchemaParser - E:\WinMyDocs\My Games\Beyond the Sword\MODS\Archid-Base\Assets\Xml\Units\CIV4UnitSchema.xml: Could not parse line 		<group order="seq" minOccurs="0">
16:41:00,887  INFO [main] org.archid.civ4.schema.SchemaParser - E:\WinMyDocs\My Games\Beyond the Sword\MODS\Archid-Base\Assets\Xml\Units\CIV4UnitSchema.xml: Could not parse line 		</group>
16:41:00,961  INFO [main] org.archid.civ4.schema.SchemaParser - E:\WinMyDocs\My Games\Beyond the Sword\MODS\Archid-Base\Assets\Xml\Misc\CIV4MiscSchema.xml: Could not parse line 		<!-- Diffuse !-->
16:41:00,961  INFO [main] org.archid.civ4.schema.SchemaParser - E:\WinMyDocs\My Games\Beyond the Sword\MODS\Archid-Base\Assets\Xml\Misc\CIV4MiscSchema.xml: Could not parse line 		<!-- Specular !-->
16:41:00,961  INFO [main] org.archid.civ4.schema.SchemaParser - E:\WinMyDocs\My Games\Beyond the Sword\MODS\Archid-Base\Assets\Xml\Misc\CIV4MiscSchema.xml: Could not parse line 		<!-- Emmisive !-->
16:41:00,961  INFO [main] org.archid.civ4.schema.SchemaParser - E:\WinMyDocs\My Games\Beyond the Sword\MODS\Archid-Base\Assets\Xml\Misc\CIV4MiscSchema.xml: Could not parse line 		<!-- Alpha !-->
16:41:00,961  INFO [main] org.archid.civ4.schema.SchemaParser - E:\WinMyDocs\My Games\Beyond the Sword\MODS\Archid-Base\Assets\Xml\Misc\CIV4MiscSchema.xml: Could not parse line 		<!-- Diffuse !-->
16:41:00,963  INFO [main] org.archid.civ4.schema.SchemaParser - E:\WinMyDocs\My Games\Beyond the Sword\MODS\Archid-Base\Assets\Xml\Misc\CIV4MiscSchema.xml: Could not parse line 		<!-- Specular !-->
16:41:00,963  INFO [main] org.archid.civ4.schema.SchemaParser - E:\WinMyDocs\My Games\Beyond the Sword\MODS\Archid-Base\Assets\Xml\Misc\CIV4MiscSchema.xml: Could not parse line 		<!-- Emmisive !-->
16:41:00,963  INFO [main] org.archid.civ4.schema.SchemaParser - E:\WinMyDocs\My Games\Beyond the Sword\MODS\Archid-Base\Assets\Xml\Misc\CIV4MiscSchema.xml: Could not parse line 		<!-- Alpha !-->
16:41:00,965  INFO [main] org.archid.civ4.schema.HtmlGenerator - Creating html Civ4PlayerOptionInfos from PlayerOptionInfos
16:41:00,969  INFO [main] org.archid.civ4.schema.HtmlGenerator - Creating html Civ4EraInfos from EraInfos
16:41:00,973  INFO [main] org.archid.civ4.schema.HtmlGenerator - Creating html Civ4UpkeepInfo from UpkeepInfos
16:41:00,975  INFO [main] org.archid.civ4.schema.HtmlGenerator - Creating html Civ4HurryInfo from HurryInfos
16:41:00,975  INFO [main] org.archid.civ4.schema.HtmlGenerator - Creating html Civ4CivicInfos from CivicInfos
16:41:00,981  INFO [main] org.archid.civ4.schema.HtmlGenerator - Creating html Civ4WorldInfo from WorldInfos
16:41:00,983  INFO [main] org.archid.civ4.schema.HtmlGenerator - Creating html Civ4CorporationInfo from CorporationInfos
16:41:00,985  INFO [main] org.archid.civ4.schema.HtmlGenerator - Creating html Civ4ProjectInfo from ProjectInfos
16:41:00,989  INFO [main] org.archid.civ4.schema.HtmlGenerator - Creating html Civ4VoteSourceInfos from VoteSourceInfos
16:41:00,991  INFO [main] org.archid.civ4.schema.HtmlGenerator - Creating html Civ4VoteInfo from VoteInfos
16:41:00,993  INFO [main] org.archid.civ4.schema.HtmlGenerator - Creating html Civ4GraphicOptionInfos from GraphicOptionInfos
16:41:00,995  INFO [main] org.archid.civ4.schema.HtmlGenerator - Creating html Civ4SeaLevelInfo from SeaLevelInfos
16:41:00,997  INFO [main] org.archid.civ4.schema.HtmlGenerator - Creating html Civ4ClimateInfo from ClimateInfos
16:41:00,999  INFO [main] org.archid.civ4.schema.HtmlGenerator - Creating html Civ4GameTurnInfo from GameTurnInfos
16:41:01,003  INFO [main] org.archid.civ4.schema.HtmlGenerator - Creating html Civ4EmphasizeInfo from EmphasizeInfos
16:41:01,005  INFO [main] org.archid.civ4.schema.HtmlGenerator - Creating html Civ4DiplomacyInfos from DiplomacyInfos
16:41:01,007  INFO [main] org.archid.civ4.schema.HtmlGenerator - Creating html Civ4EspionageMissionInfo from EspionageMissionInfos
16:41:01,011  INFO [main] org.archid.civ4.schema.HtmlGenerator - Creating html SpeedThresholds from SpeedThreshold
16:41:01,013  INFO [main] org.archid.civ4.schema.HtmlGenerator - Creating html Civ4GameOptionInfos from GameOptionInfos
16:41:01,013  INFO [main] org.archid.civ4.schema.HtmlGenerator - Creating html Civ4ProcessInfo from ProcessInfos
16:41:01,015  INFO [main] org.archid.civ4.schema.HtmlGenerator - Creating html Civ4ForceControlInfos from ForceControlInfos
16:41:01,017  INFO [main] org.archid.civ4.schema.HtmlGenerator - Creating html Civ4TurnTimerInfo from TurnTimerInfos
16:41:01,019  INFO [main] org.archid.civ4.schema.HtmlGenerator - Creating html Civ4CultureLevelInfo from CultureLevelInfos
16:41:01,021  INFO [main] org.archid.civ4.schema.HtmlGenerator - Creating html Civ4CommerceInfo from CommerceInfos
16:41:01,023  INFO [main] org.archid.civ4.schema.HtmlGenerator - Creating html Civ4HandicapInfo from HandicapInfos
16:41:01,029  INFO [main] org.archid.civ4.schema.HtmlGenerator - Creating html Civ4ReligionInfo from ReligionInfos
16:41:01,031  INFO [main] org.archid.civ4.schema.HtmlGenerator - Creating html Civ4VictoryInfo from VictoryInfos
16:41:01,035  INFO [main] org.archid.civ4.schema.HtmlGenerator - Creating html Civ4CivicOptionInfos from CivicOptionInfos
16:41:01,037  INFO [main] org.archid.civ4.schema.HtmlGenerator - Creating html Civ4GameSpeedInfo from GameSpeedInfos
16:41:01,039  INFO [main] org.archid.civ4.schema.HtmlGenerator - Creating html Civ4SpecialistInfos from SpecialistInfos
16:41:01,041  INFO [main] org.archid.civ4.schema.HtmlGenerator - Creating html Civ4GoodyInfo from GoodyInfos
16:41:01,043  INFO [main] org.archid.civ4.schema.HtmlGenerator - Creating html Civ4CursorInfo from CursorInfos
16:41:01,045  INFO [main] org.archid.civ4.schema.HtmlGenerator - Creating html Civ4MPOptionInfos from MPOptionInfos
16:41:01,047  INFO [main] org.archid.civ4.schema.HtmlGenerator - Creating html Civ4Hints from HintInfos
16:41:01,049  INFO [main] org.archid.civ4.schema.HtmlGenerator - Creating html Civ4WorldViewInfos from WorldViewInfos
16:41:01,049  INFO [main] org.archid.civ4.schema.HtmlGenerator - Creating html Civ4BonusClassInfos from BonusClassInfos
16:41:01,051  INFO [main] org.archid.civ4.schema.HtmlGenerator - Creating html Civ4ImprovementInfos from ImprovementInfos
16:41:01,053  INFO [main] org.archid.civ4.schema.HtmlGenerator - Creating html Civ4FeatureInfos from FeatureInfos
16:41:01,055  INFO [main] org.archid.civ4.schema.HtmlGenerator - Creating html Civ4TerrainSettings from LandscapeInfos
16:41:01,057  INFO [main] org.archid.civ4.schema.HtmlGenerator - Creating html Civ4YieldInfos from YieldInfos
16:41:01,059  INFO [main] org.archid.civ4.schema.HtmlGenerator - Creating html Civ4BonusInfos from BonusInfos
16:41:01,061  INFO [main] org.archid.civ4.schema.HtmlGenerator - Creating html Civ4TerrainInfos from TerrainInfos
16:41:01,063  INFO [main] org.archid.civ4.schema.HtmlGenerator - Creating html Civ4BuildingClassInfos from BuildingClassInfos
16:41:01,065  INFO [main] org.archid.civ4.schema.HtmlGenerator - Creating html Civ4SpecialBuildingInfos from SpecialBuildingInfos
16:41:01,067  INFO [main] org.archid.civ4.schema.HtmlGenerator - Creating html Civ4BuildingInfos from BuildingInfos
16:41:01,071  INFO [main] org.archid.civ4.schema.HtmlGenerator - Creating html Civ4EventTriggerInfos from EventTriggerInfos
16:41:01,075  INFO [main] org.archid.civ4.schema.HtmlGenerator - Creating html Civ4StarEventInfos from StarEventInfos
16:41:01,075  INFO [main] org.archid.civ4.schema.HtmlGenerator - Creating html Civ4EventInfos from EventInfos
16:41:01,079  INFO [main] org.archid.civ4.schema.HtmlGenerator - Creating html Civ4CameraOverlayInfos from CameraOverlayInfos
16:41:01,081  INFO [main] org.archid.civ4.schema.HtmlGenerator - Creating html Civ4QuestInfos from QuestInfo
16:41:01,085  INFO [main] org.archid.civ4.schema.HtmlGenerator - Creating html Civ4RouteInfos from RouteInfos
16:41:01,087  INFO [main] org.archid.civ4.schema.HtmlGenerator - Creating html Civ4RiverInfos from RiverInfos
16:41:01,089  INFO [main] org.archid.civ4.schema.HtmlGenerator - Creating html Civ4PythonCallInfos from PythonCallInfo
16:41:01,091  INFO [main] org.archid.civ4.schema.HtmlGenerator - Creating html Civ4TerrainPlaneInfos from TerrainPlaneInfos
16:41:01,091  INFO [main] org.archid.civ4.schema.HtmlGenerator - Creating html Civ4WaterPlaneInfos from WaterPlaneInfos
16:41:01,093  INFO [main] org.archid.civ4.schema.HtmlGenerator - Creating html Civ4AttachableInfos from AttachableInfos
16:41:01,095  INFO [main] org.archid.civ4.schema.HtmlGenerator - Creating html Civ4EffectInfos from EffectInfos
16:41:01,097  INFO [main] org.archid.civ4.schema.HtmlGenerator - Creating html Civ4SeasonInfos from SeasonInfos
16:41:01,097  INFO [main] org.archid.civ4.schema.HtmlGenerator - Creating html Civ4DomainInfos from DomainInfos
16:41:01,099  INFO [main] org.archid.civ4.schema.HtmlGenerator - Creating html Civ4AttitudeInfos from AttitudeInfos
16:41:01,101  INFO [main] org.archid.civ4.schema.HtmlGenerator - Creating html Civ4CalendarInfos from CalendarInfos
16:41:01,103  INFO [main] org.archid.civ4.schema.HtmlGenerator - Creating html Civ4UnitCombatInfos from UnitCombatInfos
16:41:01,107  INFO [main] org.archid.civ4.schema.HtmlGenerator - Creating html Civ4CityTabInfos from CityTabInfos
16:41:01,107  INFO [main] org.archid.civ4.schema.HtmlGenerator - Creating html Civ4MonthInfos from MonthInfos
16:41:01,109  INFO [main] org.archid.civ4.schema.HtmlGenerator - Creating html Civ4DenialInfos from DenialInfos
16:41:01,111  INFO [main] org.archid.civ4.schema.HtmlGenerator - Creating html Civ4NewConceptInfos from NewConceptInfos
16:41:01,111  INFO [main] org.archid.civ4.schema.HtmlGenerator - Creating html Civ4MemoryInfos from MemoryInfos
16:41:01,113  INFO [main] org.archid.civ4.schema.HtmlGenerator - Creating html Civ4InvisibleInfos from InvisibleInfos
16:41:01,115  INFO [main] org.archid.civ4.schema.HtmlGenerator - Creating html Civ4BasicInfos from ConceptInfos
16:41:01,117  INFO [main] org.archid.civ4.schema.HtmlGenerator - Creating html Civ4UnitAIInfos from UnitAIInfos
16:41:01,119  INFO [main] org.archid.civ4.schema.HtmlGenerator - Creating html Civ4MissionInfos from MissionInfos
16:41:01,121  INFO [main] org.archid.civ4.schema.HtmlGenerator - Creating html Civ4WeaponInfos from WeaponInfos
16:41:01,121  INFO [main] org.archid.civ4.schema.HtmlGenerator - Creating html Civ4CommandInfos from CommandInfos
16:41:01,123  INFO [main] org.archid.civ4.schema.HtmlGenerator - Creating html Civ4UnitCombatInfos from UnitCombatInfos
16:41:01,123  INFO [main] org.archid.civ4.schema.HtmlGenerator - Creating html Civ4AnimationPathInfos from AnimationPaths
16:41:01,125  INFO [main] org.archid.civ4.schema.HtmlGenerator - Creating html Civ4DomainInfos from DomainInfos
16:41:01,125  INFO [main] org.archid.civ4.schema.HtmlGenerator - Creating html Civ4ControlInfos from ControlInfos
16:41:01,127  INFO [main] org.archid.civ4.schema.HtmlGenerator - Creating html Civ4UnitInfos from UnitInfos
16:41:01,131  INFO [main] org.archid.civ4.schema.HtmlGenerator - Creating html Civ4EntityEventInfos from EntityEventInfos
16:41:01,131  INFO [main] org.archid.civ4.schema.HtmlGenerator - Creating html Civ4UnitClassInfos from UnitClassInfos
16:41:01,135  INFO [main] org.archid.civ4.schema.HtmlGenerator - Creating html Civ4PromotionInfos from PromotionInfos
16:41:01,139  INFO [main] org.archid.civ4.schema.HtmlGenerator - Creating html Civ4AnimationInfos from AnimationCategories
16:41:01,141  INFO [main] org.archid.civ4.schema.HtmlGenerator - Creating html Civ4BuildInfos from BuildInfos
16:41:01,143  INFO [main] org.archid.civ4.schema.HtmlGenerator - Creating html Civ4AutomateInfos from AutomateInfos
16:41:01,145  INFO [main] org.archid.civ4.schema.HtmlGenerator - Creating html Civ4SpecialUnitInfos from SpecialUnitInfos
16:41:01,147  INFO [main] org.archid.civ4.schema.HtmlGenerator - Creating html Civ4CivilizationInfos from CivilizationInfos
16:41:01,147  INFO [main] org.archid.civ4.schema.HtmlGenerator - Creating html Civ4TraitInfos from TraitInfos
16:41:01,149  INFO [main] org.archid.civ4.schema.HtmlGenerator - Creating html Civ4UnitArtStyleTypeInfos from UnitArtStyleTypeInfos
16:41:01,151  INFO [main] org.archid.civ4.schema.HtmlGenerator - Creating html Civ4LeaderHeadInfos from LeaderHeadInfos
16:41:01,155  INFO [main] org.archid.civ4.schema.HtmlGenerator - Creating html Civ4TechInfos from TechInfos
16:42:41,936  INFO [main] org.archid.civ4.schema.SchemaParser - E:\WinMyDocs\My Games\Beyond the Sword\MODS\Archid-Base\Assets\Xml\Units\CIV4UnitSchema.xml: Could not parse line 		<group order="seq" minOccurs="0">
16:42:41,938  INFO [main] org.archid.civ4.schema.SchemaParser - E:\WinMyDocs\My Games\Beyond the Sword\MODS\Archid-Base\Assets\Xml\Units\CIV4UnitSchema.xml: Could not parse line 		</group>
16:42:41,946  INFO [main] org.archid.civ4.schema.SchemaParser - E:\WinMyDocs\My Games\Beyond the Sword\MODS\Archid-Base\Assets\Xml\Units\CIV4UnitSchema.xml: Could not parse line 		<group order="seq" minOccurs="0">
16:42:41,946  INFO [main] org.archid.civ4.schema.SchemaParser - E:\WinMyDocs\My Games\Beyond the Sword\MODS\Archid-Base\Assets\Xml\Units\CIV4UnitSchema.xml: Could not parse line 		</group>
16:42:41,976  INFO [main] org.archid.civ4.schema.SchemaParser - E:\WinMyDocs\My Games\Beyond the Sword\MODS\Archid-Base\Assets\Xml\Misc\CIV4MiscSchema.xml: Could not parse line 		<!-- Diffuse !-->
16:42:41,976  INFO [main] org.archid.civ4.schema.SchemaParser - E:\WinMyDocs\My Games\Beyond the Sword\MODS\Archid-Base\Assets\Xml\Misc\CIV4MiscSchema.xml: Could not parse line 		<!-- Specular !-->
16:42:41,976  INFO [main] org.archid.civ4.schema.SchemaParser - E:\WinMyDocs\My Games\Beyond the Sword\MODS\Archid-Base\Assets\Xml\Misc\CIV4MiscSchema.xml: Could not parse line 		<!-- Emmisive !-->
16:42:41,976  INFO [main] org.archid.civ4.schema.SchemaParser - E:\WinMyDocs\My Games\Beyond the Sword\MODS\Archid-Base\Assets\Xml\Misc\CIV4MiscSchema.xml: Could not parse line 		<!-- Alpha !-->
16:42:41,978  INFO [main] org.archid.civ4.schema.SchemaParser - E:\WinMyDocs\My Games\Beyond the Sword\MODS\Archid-Base\Assets\Xml\Misc\CIV4MiscSchema.xml: Could not parse line 		<!-- Diffuse !-->
16:42:41,978  INFO [main] org.archid.civ4.schema.SchemaParser - E:\WinMyDocs\My Games\Beyond the Sword\MODS\Archid-Base\Assets\Xml\Misc\CIV4MiscSchema.xml: Could not parse line 		<!-- Specular !-->
16:42:41,978  INFO [main] org.archid.civ4.schema.SchemaParser - E:\WinMyDocs\My Games\Beyond the Sword\MODS\Archid-Base\Assets\Xml\Misc\CIV4MiscSchema.xml: Could not parse line 		<!-- Emmisive !-->
16:42:41,978  INFO [main] org.archid.civ4.schema.SchemaParser - E:\WinMyDocs\My Games\Beyond the Sword\MODS\Archid-Base\Assets\Xml\Misc\CIV4MiscSchema.xml: Could not parse line 		<!-- Alpha !-->
16:42:41,982  INFO [main] org.archid.civ4.schema.HtmlGenerator - Creating html Civ4PlayerOptionInfos from PlayerOptionInfos
16:42:41,984  INFO [main] org.archid.civ4.schema.HtmlGenerator - Creating html Civ4EraInfos from EraInfos
16:42:41,988  INFO [main] org.archid.civ4.schema.HtmlGenerator - Creating html Civ4UpkeepInfo from UpkeepInfos
16:42:41,990  INFO [main] org.archid.civ4.schema.HtmlGenerator - Creating html Civ4HurryInfo from HurryInfos
16:42:41,992  INFO [main] org.archid.civ4.schema.HtmlGenerator - Creating html Civ4CivicInfos from CivicInfos
16:42:41,996  INFO [main] org.archid.civ4.schema.HtmlGenerator - Creating html Civ4WorldInfo from WorldInfos
16:42:42,000  INFO [main] org.archid.civ4.schema.HtmlGenerator - Creating html Civ4CorporationInfo from CorporationInfos
16:42:42,002  INFO [main] org.archid.civ4.schema.HtmlGenerator - Creating html Civ4ProjectInfo from ProjectInfos
16:42:42,004  INFO [main] org.archid.civ4.schema.HtmlGenerator - Creating html Civ4VoteSourceInfos from VoteSourceInfos
16:42:42,018  INFO [main] org.archid.civ4.schema.HtmlGenerator - Creating html Civ4VoteInfo from VoteInfos
16:42:42,020  INFO [main] org.archid.civ4.schema.HtmlGenerator - Creating html Civ4GraphicOptionInfos from GraphicOptionInfos
16:42:42,022  INFO [main] org.archid.civ4.schema.HtmlGenerator - Creating html Civ4SeaLevelInfo from SeaLevelInfos
16:42:42,026  INFO [main] org.archid.civ4.schema.HtmlGenerator - Creating html Civ4ClimateInfo from ClimateInfos
16:42:42,028  INFO [main] org.archid.civ4.schema.HtmlGenerator - Creating html Civ4GameTurnInfo from GameTurnInfos
16:42:42,030  INFO [main] org.archid.civ4.schema.HtmlGenerator - Creating html Civ4EmphasizeInfo from EmphasizeInfos
16:42:42,030  INFO [main] org.archid.civ4.schema.HtmlGenerator - Creating html Civ4DiplomacyInfos from DiplomacyInfos
16:42:42,034  INFO [main] org.archid.civ4.schema.HtmlGenerator - Creating html Civ4EspionageMissionInfo from EspionageMissionInfos
16:42:42,036  INFO [main] org.archid.civ4.schema.HtmlGenerator - Creating html SpeedThresholds from SpeedThreshold
16:42:42,036  INFO [main] org.archid.civ4.schema.HtmlGenerator - Creating html Civ4GameOptionInfos from GameOptionInfos
16:42:42,038  INFO [main] org.archid.civ4.schema.HtmlGenerator - Creating html Civ4ProcessInfo from ProcessInfos
16:42:42,040  INFO [main] org.archid.civ4.schema.HtmlGenerator - Creating html Civ4ForceControlInfos from ForceControlInfos
16:42:42,042  INFO [main] org.archid.civ4.schema.HtmlGenerator - Creating html Civ4TurnTimerInfo from TurnTimerInfos
16:42:42,044  INFO [main] org.archid.civ4.schema.HtmlGenerator - Creating html Civ4CultureLevelInfo from CultureLevelInfos
16:42:42,046  INFO [main] org.archid.civ4.schema.HtmlGenerator - Creating html Civ4CommerceInfo from CommerceInfos
16:42:42,048  INFO [main] org.archid.civ4.schema.HtmlGenerator - Creating html Civ4HandicapInfo from HandicapInfos
16:42:42,050  INFO [main] org.archid.civ4.schema.HtmlGenerator - Creating html Civ4ReligionInfo from ReligionInfos
16:42:42,052  INFO [main] org.archid.civ4.schema.HtmlGenerator - Creating html Civ4VictoryInfo from VictoryInfos
16:42:42,056  INFO [main] org.archid.civ4.schema.HtmlGenerator - Creating html Civ4CivicOptionInfos from CivicOptionInfos
16:42:42,058  INFO [main] org.archid.civ4.schema.HtmlGenerator - Creating html Civ4GameSpeedInfo from GameSpeedInfos
16:42:42,060  INFO [main] org.archid.civ4.schema.HtmlGenerator - Creating html Civ4SpecialistInfos from SpecialistInfos
16:42:42,062  INFO [main] org.archid.civ4.schema.HtmlGenerator - Creating html Civ4GoodyInfo from GoodyInfos
16:42:42,064  INFO [main] org.archid.civ4.schema.HtmlGenerator - Creating html Civ4CursorInfo from CursorInfos
16:42:42,066  INFO [main] org.archid.civ4.schema.HtmlGenerator - Creating html Civ4MPOptionInfos from MPOptionInfos
16:42:42,068  INFO [main] org.archid.civ4.schema.HtmlGenerator - Creating html Civ4Hints from HintInfos
16:42:42,070  INFO [main] org.archid.civ4.schema.HtmlGenerator - Creating html Civ4WorldViewInfos from WorldViewInfos
16:42:42,070  INFO [main] org.archid.civ4.schema.HtmlGenerator - Creating html Civ4BonusClassInfos from BonusClassInfos
16:42:42,072  INFO [main] org.archid.civ4.schema.HtmlGenerator - Creating html Civ4ImprovementInfos from ImprovementInfos
16:42:42,074  INFO [main] org.archid.civ4.schema.HtmlGenerator - Creating html Civ4FeatureInfos from FeatureInfos
16:42:42,076  INFO [main] org.archid.civ4.schema.HtmlGenerator - Creating html Civ4TerrainSettings from LandscapeInfos
16:42:42,078  INFO [main] org.archid.civ4.schema.HtmlGenerator - Creating html Civ4YieldInfos from YieldInfos
16:42:42,080  INFO [main] org.archid.civ4.schema.HtmlGenerator - Creating html Civ4BonusInfos from BonusInfos
16:42:42,082  INFO [main] org.archid.civ4.schema.HtmlGenerator - Creating html Civ4TerrainInfos from TerrainInfos
16:42:42,084  INFO [main] org.archid.civ4.schema.HtmlGenerator - Creating html Civ4BuildingClassInfos from BuildingClassInfos
16:42:42,084  INFO [main] org.archid.civ4.schema.HtmlGenerator - Creating html Civ4SpecialBuildingInfos from SpecialBuildingInfos
16:42:42,086  INFO [main] org.archid.civ4.schema.HtmlGenerator - Creating html Civ4BuildingInfos from BuildingInfos
16:42:42,092  INFO [main] org.archid.civ4.schema.HtmlGenerator - Creating html Civ4EventTriggerInfos from EventTriggerInfos
16:42:42,096  INFO [main] org.archid.civ4.schema.HtmlGenerator - Creating html Civ4StarEventInfos from StarEventInfos
16:42:42,098  INFO [main] org.archid.civ4.schema.HtmlGenerator - Creating html Civ4EventInfos from EventInfos
16:42:42,102  INFO [main] org.archid.civ4.schema.HtmlGenerator - Creating html Civ4CameraOverlayInfos from CameraOverlayInfos
16:42:42,104  INFO [main] org.archid.civ4.schema.HtmlGenerator - Creating html Civ4QuestInfos from QuestInfo
16:42:42,106  INFO [main] org.archid.civ4.schema.HtmlGenerator - Creating html Civ4RouteInfos from RouteInfos
16:42:42,108  INFO [main] org.archid.civ4.schema.HtmlGenerator - Creating html Civ4RiverInfos from RiverInfos
16:42:42,110  INFO [main] org.archid.civ4.schema.HtmlGenerator - Creating html Civ4PythonCallInfos from PythonCallInfo
16:42:42,110  INFO [main] org.archid.civ4.schema.HtmlGenerator - Creating html Civ4TerrainPlaneInfos from TerrainPlaneInfos
16:42:42,112  INFO [main] org.archid.civ4.schema.HtmlGenerator - Creating html Civ4WaterPlaneInfos from WaterPlaneInfos
16:42:42,114  INFO [main] org.archid.civ4.schema.HtmlGenerator - Creating html Civ4AttachableInfos from AttachableInfos
16:42:42,114  INFO [main] org.archid.civ4.schema.HtmlGenerator - Creating html Civ4EffectInfos from EffectInfos
16:42:42,116  INFO [main] org.archid.civ4.schema.HtmlGenerator - Creating html Civ4SeasonInfos from SeasonInfos
16:42:42,118  INFO [main] org.archid.civ4.schema.HtmlGenerator - Creating html Civ4DomainInfos from DomainInfos
16:42:42,120  INFO [main] org.archid.civ4.schema.HtmlGenerator - Creating html Civ4AttitudeInfos from AttitudeInfos
16:42:42,120  INFO [main] org.archid.civ4.schema.HtmlGenerator - Creating html Civ4CalendarInfos from CalendarInfos
16:42:42,122  INFO [main] org.archid.civ4.schema.HtmlGenerator - Creating html Civ4UnitCombatInfos from UnitCombatInfos
16:42:42,124  INFO [main] org.archid.civ4.schema.HtmlGenerator - Creating html Civ4CityTabInfos from CityTabInfos
16:42:42,126  INFO [main] org.archid.civ4.schema.HtmlGenerator - Creating html Civ4MonthInfos from MonthInfos
16:42:42,126  INFO [main] org.archid.civ4.schema.HtmlGenerator - Creating html Civ4DenialInfos from DenialInfos
16:42:42,128  INFO [main] org.archid.civ4.schema.HtmlGenerator - Creating html Civ4NewConceptInfos from NewConceptInfos
16:42:42,130  INFO [main] org.archid.civ4.schema.HtmlGenerator - Creating html Civ4MemoryInfos from MemoryInfos
16:42:42,130  INFO [main] org.archid.civ4.schema.HtmlGenerator - Creating html Civ4InvisibleInfos from InvisibleInfos
16:42:42,132  INFO [main] org.archid.civ4.schema.HtmlGenerator - Creating html Civ4BasicInfos from ConceptInfos
16:42:42,134  INFO [main] org.archid.civ4.schema.HtmlGenerator - Creating html Civ4UnitAIInfos from UnitAIInfos
16:42:42,136  INFO [main] org.archid.civ4.schema.HtmlGenerator - Creating html Civ4MissionInfos from MissionInfos
16:42:42,138  INFO [main] org.archid.civ4.schema.HtmlGenerator - Creating html Civ4WeaponInfos from WeaponInfos
16:42:42,140  INFO [main] org.archid.civ4.schema.HtmlGenerator - Creating html Civ4CommandInfos from CommandInfos
16:42:42,140  INFO [main] org.archid.civ4.schema.HtmlGenerator - Creating html Civ4UnitCombatInfos from UnitCombatInfos
16:42:42,142  INFO [main] org.archid.civ4.schema.HtmlGenerator - Creating html Civ4AnimationPathInfos from AnimationPaths
16:42:42,142  INFO [main] org.archid.civ4.schema.HtmlGenerator - Creating html Civ4DomainInfos from DomainInfos
16:42:42,144  INFO [main] org.archid.civ4.schema.HtmlGenerator - Creating html Civ4ControlInfos from ControlInfos
16:42:42,144  INFO [main] org.archid.civ4.schema.HtmlGenerator - Creating html Civ4UnitInfos from UnitInfos
16:42:42,150  INFO [main] org.archid.civ4.schema.HtmlGenerator - Creating html Civ4EntityEventInfos from EntityEventInfos
16:42:42,152  INFO [main] org.archid.civ4.schema.HtmlGenerator - Creating html Civ4UnitClassInfos from UnitClassInfos
16:42:42,156  INFO [main] org.archid.civ4.schema.HtmlGenerator - Creating html Civ4PromotionInfos from PromotionInfos
16:42:42,160  INFO [main] org.archid.civ4.schema.HtmlGenerator - Creating html Civ4AnimationInfos from AnimationCategories
16:42:42,162  INFO [main] org.archid.civ4.schema.HtmlGenerator - Creating html Civ4BuildInfos from BuildInfos
16:42:42,164  INFO [main] org.archid.civ4.schema.HtmlGenerator - Creating html Civ4AutomateInfos from AutomateInfos
16:42:42,164  INFO [main] org.archid.civ4.schema.HtmlGenerator - Creating html Civ4SpecialUnitInfos from SpecialUnitInfos
16:42:42,166  INFO [main] org.archid.civ4.schema.HtmlGenerator - Creating html Civ4CivilizationInfos from CivilizationInfos
16:42:42,168  INFO [main] org.archid.civ4.schema.HtmlGenerator - Creating html Civ4TraitInfos from TraitInfos
16:42:42,170  INFO [main] org.archid.civ4.schema.HtmlGenerator - Creating html Civ4UnitArtStyleTypeInfos from UnitArtStyleTypeInfos
16:42:42,172  INFO [main] org.archid.civ4.schema.HtmlGenerator - Creating html Civ4LeaderHeadInfos from LeaderHeadInfos
16:42:42,176  INFO [main] org.archid.civ4.schema.HtmlGenerator - Creating html Civ4TechInfos from TechInfos
16:49:28,849  INFO [main] org.archid.civ4.schema.SchemaParser - E:\WinMyDocs\My Games\Beyond the Sword\MODS\Archid-Base\Assets\Xml\Units\CIV4UnitSchema.xml: Could not parse line 		<group order="seq" minOccurs="0">
16:49:28,850  INFO [main] org.archid.civ4.schema.SchemaParser - E:\WinMyDocs\My Games\Beyond the Sword\MODS\Archid-Base\Assets\Xml\Units\CIV4UnitSchema.xml: Could not parse line 		</group>
16:49:28,857  INFO [main] org.archid.civ4.schema.SchemaParser - E:\WinMyDocs\My Games\Beyond the Sword\MODS\Archid-Base\Assets\Xml\Units\CIV4UnitSchema.xml: Could not parse line 		<group order="seq" minOccurs="0">
16:49:28,857  INFO [main] org.archid.civ4.schema.SchemaParser - E:\WinMyDocs\My Games\Beyond the Sword\MODS\Archid-Base\Assets\Xml\Units\CIV4UnitSchema.xml: Could not parse line 		</group>
16:49:28,885  INFO [main] org.archid.civ4.schema.SchemaParser - E:\WinMyDocs\My Games\Beyond the Sword\MODS\Archid-Base\Assets\Xml\Misc\CIV4MiscSchema.xml: Could not parse line 		<!-- Diffuse !-->
16:49:28,885  INFO [main] org.archid.civ4.schema.SchemaParser - E:\WinMyDocs\My Games\Beyond the Sword\MODS\Archid-Base\Assets\Xml\Misc\CIV4MiscSchema.xml: Could not parse line 		<!-- Specular !-->
16:49:28,885  INFO [main] org.archid.civ4.schema.SchemaParser - E:\WinMyDocs\My Games\Beyond the Sword\MODS\Archid-Base\Assets\Xml\Misc\CIV4MiscSchema.xml: Could not parse line 		<!-- Emmisive !-->
16:49:28,886  INFO [main] org.archid.civ4.schema.SchemaParser - E:\WinMyDocs\My Games\Beyond the Sword\MODS\Archid-Base\Assets\Xml\Misc\CIV4MiscSchema.xml: Could not parse line 		<!-- Alpha !-->
16:49:28,887  INFO [main] org.archid.civ4.schema.SchemaParser - E:\WinMyDocs\My Games\Beyond the Sword\MODS\Archid-Base\Assets\Xml\Misc\CIV4MiscSchema.xml: Could not parse line 		<!-- Diffuse !-->
16:49:28,888  INFO [main] org.archid.civ4.schema.SchemaParser - E:\WinMyDocs\My Games\Beyond the Sword\MODS\Archid-Base\Assets\Xml\Misc\CIV4MiscSchema.xml: Could not parse line 		<!-- Specular !-->
16:49:28,888  INFO [main] org.archid.civ4.schema.SchemaParser - E:\WinMyDocs\My Games\Beyond the Sword\MODS\Archid-Base\Assets\Xml\Misc\CIV4MiscSchema.xml: Could not parse line 		<!-- Emmisive !-->
16:49:28,888  INFO [main] org.archid.civ4.schema.SchemaParser - E:\WinMyDocs\My Games\Beyond the Sword\MODS\Archid-Base\Assets\Xml\Misc\CIV4MiscSchema.xml: Could not parse line 		<!-- Alpha !-->
16:49:28,892  INFO [main] org.archid.civ4.schema.HtmlGenerator - Creating html Civ4PlayerOptionInfos from PlayerOptionInfos
16:49:28,894  INFO [main] org.archid.civ4.schema.HtmlGenerator - Creating html Civ4EraInfos from EraInfos
16:49:28,898  INFO [main] org.archid.civ4.schema.HtmlGenerator - Creating html Civ4UpkeepInfo from UpkeepInfos
16:49:28,900  INFO [main] org.archid.civ4.schema.HtmlGenerator - Creating html Civ4HurryInfo from HurryInfos
16:49:28,902  INFO [main] org.archid.civ4.schema.HtmlGenerator - Creating html Civ4CivicInfos from CivicInfos
16:49:28,906  INFO [main] org.archid.civ4.schema.HtmlGenerator - Creating html Civ4WorldInfo from WorldInfos
16:49:28,908  INFO [main] org.archid.civ4.schema.HtmlGenerator - Creating html Civ4CorporationInfo from CorporationInfos
16:49:28,910  INFO [main] org.archid.civ4.schema.HtmlGenerator - Creating html Civ4ProjectInfo from ProjectInfos
16:49:28,912  INFO [main] org.archid.civ4.schema.HtmlGenerator - Creating html Civ4VoteSourceInfos from VoteSourceInfos
16:49:28,914  INFO [main] org.archid.civ4.schema.HtmlGenerator - Creating html Civ4VoteInfo from VoteInfos
16:49:28,917  INFO [main] org.archid.civ4.schema.HtmlGenerator - Creating html Civ4GraphicOptionInfos from GraphicOptionInfos
16:49:28,919  INFO [main] org.archid.civ4.schema.HtmlGenerator - Creating html Civ4SeaLevelInfo from SeaLevelInfos
16:49:28,921  INFO [main] org.archid.civ4.schema.HtmlGenerator - Creating html Civ4ClimateInfo from ClimateInfos
16:49:28,923  INFO [main] org.archid.civ4.schema.HtmlGenerator - Creating html Civ4GameTurnInfo from GameTurnInfos
16:49:28,924  INFO [main] org.archid.civ4.schema.HtmlGenerator - Creating html Civ4EmphasizeInfo from EmphasizeInfos
16:49:28,926  INFO [main] org.archid.civ4.schema.HtmlGenerator - Creating html Civ4DiplomacyInfos from DiplomacyInfos
16:49:28,928  INFO [main] org.archid.civ4.schema.HtmlGenerator - Creating html Civ4EspionageMissionInfo from EspionageMissionInfos
16:49:28,930  INFO [main] org.archid.civ4.schema.HtmlGenerator - Creating html SpeedThresholds from SpeedThreshold
16:49:28,931  INFO [main] org.archid.civ4.schema.HtmlGenerator - Creating html Civ4GameOptionInfos from GameOptionInfos
16:49:28,933  INFO [main] org.archid.civ4.schema.HtmlGenerator - Creating html Civ4ProcessInfo from ProcessInfos
16:49:28,934  INFO [main] org.archid.civ4.schema.HtmlGenerator - Creating html Civ4ForceControlInfos from ForceControlInfos
16:49:28,936  INFO [main] org.archid.civ4.schema.HtmlGenerator - Creating html Civ4TurnTimerInfo from TurnTimerInfos
16:49:28,937  INFO [main] org.archid.civ4.schema.HtmlGenerator - Creating html Civ4CultureLevelInfo from CultureLevelInfos
16:49:28,939  INFO [main] org.archid.civ4.schema.HtmlGenerator - Creating html Civ4CommerceInfo from CommerceInfos
16:49:28,940  INFO [main] org.archid.civ4.schema.HtmlGenerator - Creating html Civ4HandicapInfo from HandicapInfos
16:49:28,944  INFO [main] org.archid.civ4.schema.HtmlGenerator - Creating html Civ4ReligionInfo from ReligionInfos
16:49:28,946  INFO [main] org.archid.civ4.schema.HtmlGenerator - Creating html Civ4VictoryInfo from VictoryInfos
16:49:28,948  INFO [main] org.archid.civ4.schema.HtmlGenerator - Creating html Civ4CivicOptionInfos from CivicOptionInfos
16:49:28,949  INFO [main] org.archid.civ4.schema.HtmlGenerator - Creating html Civ4GameSpeedInfo from GameSpeedInfos
16:49:28,953  INFO [main] org.archid.civ4.schema.HtmlGenerator - Creating html Civ4SpecialistInfos from SpecialistInfos
16:49:28,955  INFO [main] org.archid.civ4.schema.HtmlGenerator - Creating html Civ4GoodyInfo from GoodyInfos
16:49:28,957  INFO [main] org.archid.civ4.schema.HtmlGenerator - Creating html Civ4CursorInfo from CursorInfos
16:49:28,959  INFO [main] org.archid.civ4.schema.HtmlGenerator - Creating html Civ4MPOptionInfos from MPOptionInfos
16:49:28,961  INFO [main] org.archid.civ4.schema.HtmlGenerator - Creating html Civ4Hints from HintInfos
16:49:28,963  INFO [main] org.archid.civ4.schema.HtmlGenerator - Creating html Civ4WorldViewInfos from WorldViewInfos
16:49:28,965  INFO [main] org.archid.civ4.schema.HtmlGenerator - Creating html Civ4BonusClassInfos from BonusClassInfos
16:49:28,966  INFO [main] org.archid.civ4.schema.HtmlGenerator - Creating html Civ4ImprovementInfos from ImprovementInfos
16:49:28,970  INFO [main] org.archid.civ4.schema.HtmlGenerator - Creating html Civ4FeatureInfos from FeatureInfos
16:49:28,972  INFO [main] org.archid.civ4.schema.HtmlGenerator - Creating html Civ4TerrainSettings from LandscapeInfos
16:49:28,974  INFO [main] org.archid.civ4.schema.HtmlGenerator - Creating html Civ4YieldInfos from YieldInfos
16:49:28,976  INFO [main] org.archid.civ4.schema.HtmlGenerator - Creating html Civ4BonusInfos from BonusInfos
16:49:28,978  INFO [main] org.archid.civ4.schema.HtmlGenerator - Creating html Civ4TerrainInfos from TerrainInfos
16:49:28,980  INFO [main] org.archid.civ4.schema.HtmlGenerator - Creating html Civ4BuildingClassInfos from BuildingClassInfos
16:49:28,982  INFO [main] org.archid.civ4.schema.HtmlGenerator - Creating html Civ4SpecialBuildingInfos from SpecialBuildingInfos
16:49:28,983  INFO [main] org.archid.civ4.schema.HtmlGenerator - Creating html Civ4BuildingInfos from BuildingInfos
16:49:28,988  INFO [main] org.archid.civ4.schema.HtmlGenerator - Creating html Civ4EventTriggerInfos from EventTriggerInfos
16:49:28,991  INFO [main] org.archid.civ4.schema.HtmlGenerator - Creating html Civ4StarEventInfos from StarEventInfos
16:49:28,992  INFO [main] org.archid.civ4.schema.HtmlGenerator - Creating html Civ4EventInfos from EventInfos
16:49:28,996  INFO [main] org.archid.civ4.schema.HtmlGenerator - Creating html Civ4CameraOverlayInfos from CameraOverlayInfos
16:49:28,998  INFO [main] org.archid.civ4.schema.HtmlGenerator - Creating html Civ4QuestInfos from QuestInfo
16:49:29,000  INFO [main] org.archid.civ4.schema.HtmlGenerator - Creating html Civ4RouteInfos from RouteInfos
16:49:29,002  INFO [main] org.archid.civ4.schema.HtmlGenerator - Creating html Civ4RiverInfos from RiverInfos
16:49:29,004  INFO [main] org.archid.civ4.schema.HtmlGenerator - Creating html Civ4PythonCallInfos from PythonCallInfo
16:49:29,005  INFO [main] org.archid.civ4.schema.HtmlGenerator - Creating html Civ4TerrainPlaneInfos from TerrainPlaneInfos
16:49:29,007  INFO [main] org.archid.civ4.schema.HtmlGenerator - Creating html Civ4WaterPlaneInfos from WaterPlaneInfos
16:49:29,008  INFO [main] org.archid.civ4.schema.HtmlGenerator - Creating html Civ4AttachableInfos from AttachableInfos
16:49:29,010  INFO [main] org.archid.civ4.schema.HtmlGenerator - Creating html Civ4EffectInfos from EffectInfos
16:49:29,011  INFO [main] org.archid.civ4.schema.HtmlGenerator - Creating html Civ4SeasonInfos from SeasonInfos
16:49:29,013  INFO [main] org.archid.civ4.schema.HtmlGenerator - Creating html Civ4DomainInfos from DomainInfos
16:49:29,014  INFO [main] org.archid.civ4.schema.HtmlGenerator - Creating html Civ4AttitudeInfos from AttitudeInfos
16:49:29,015  INFO [main] org.archid.civ4.schema.HtmlGenerator - Creating html Civ4CalendarInfos from CalendarInfos
16:49:29,017  INFO [main] org.archid.civ4.schema.HtmlGenerator - Creating html Civ4UnitCombatInfos from UnitCombatInfos
16:49:29,019  INFO [main] org.archid.civ4.schema.HtmlGenerator - Creating html Civ4CityTabInfos from CityTabInfos
16:49:29,020  INFO [main] org.archid.civ4.schema.HtmlGenerator - Creating html Civ4MonthInfos from MonthInfos
16:49:29,021  INFO [main] org.archid.civ4.schema.HtmlGenerator - Creating html Civ4DenialInfos from DenialInfos
16:49:29,022  INFO [main] org.archid.civ4.schema.HtmlGenerator - Creating html Civ4NewConceptInfos from NewConceptInfos
16:49:29,023  INFO [main] org.archid.civ4.schema.HtmlGenerator - Creating html Civ4MemoryInfos from MemoryInfos
16:49:29,024  INFO [main] org.archid.civ4.schema.HtmlGenerator - Creating html Civ4InvisibleInfos from InvisibleInfos
16:49:29,025  INFO [main] org.archid.civ4.schema.HtmlGenerator - Creating html Civ4BasicInfos from ConceptInfos
16:49:29,027  INFO [main] org.archid.civ4.schema.HtmlGenerator - Creating html Civ4UnitAIInfos from UnitAIInfos
16:49:29,029  INFO [main] org.archid.civ4.schema.HtmlGenerator - Creating html Civ4MissionInfos from MissionInfos
16:49:29,031  INFO [main] org.archid.civ4.schema.HtmlGenerator - Creating html Civ4WeaponInfos from WeaponInfos
16:49:29,032  INFO [main] org.archid.civ4.schema.HtmlGenerator - Creating html Civ4CommandInfos from CommandInfos
16:49:29,034  INFO [main] org.archid.civ4.schema.HtmlGenerator - Creating html Civ4UnitCombatInfos from UnitCombatInfos
16:49:29,035  INFO [main] org.archid.civ4.schema.HtmlGenerator - Creating html Civ4AnimationPathInfos from AnimationPaths
16:49:29,036  INFO [main] org.archid.civ4.schema.HtmlGenerator - Creating html Civ4DomainInfos from DomainInfos
16:49:29,037  INFO [main] org.archid.civ4.schema.HtmlGenerator - Creating html Civ4ControlInfos from ControlInfos
16:49:29,039  INFO [main] org.archid.civ4.schema.HtmlGenerator - Creating html Civ4UnitInfos from UnitInfos
16:49:29,043  INFO [main] org.archid.civ4.schema.HtmlGenerator - Creating html Civ4EntityEventInfos from EntityEventInfos
16:49:29,044  INFO [main] org.archid.civ4.schema.HtmlGenerator - Creating html Civ4UnitClassInfos from UnitClassInfos
16:49:29,045  INFO [main] org.archid.civ4.schema.HtmlGenerator - Creating html Civ4PromotionInfos from PromotionInfos
16:49:29,048  INFO [main] org.archid.civ4.schema.HtmlGenerator - Creating html Civ4AnimationInfos from AnimationCategories
16:49:29,050  INFO [main] org.archid.civ4.schema.HtmlGenerator - Creating html Civ4BuildInfos from BuildInfos
16:49:29,052  INFO [main] org.archid.civ4.schema.HtmlGenerator - Creating html Civ4AutomateInfos from AutomateInfos
16:49:29,053  INFO [main] org.archid.civ4.schema.HtmlGenerator - Creating html Civ4SpecialUnitInfos from SpecialUnitInfos
16:49:29,054  INFO [main] org.archid.civ4.schema.HtmlGenerator - Creating html Civ4CivilizationInfos from CivilizationInfos
16:49:29,056  INFO [main] org.archid.civ4.schema.HtmlGenerator - Creating html Civ4TraitInfos from TraitInfos
16:49:29,058  INFO [main] org.archid.civ4.schema.HtmlGenerator - Creating html Civ4UnitArtStyleTypeInfos from UnitArtStyleTypeInfos
16:49:29,059  INFO [main] org.archid.civ4.schema.HtmlGenerator - Creating html Civ4LeaderHeadInfos from LeaderHeadInfos
16:49:29,061  INFO [main] org.archid.civ4.schema.HtmlGenerator - Creating html Civ4TechInfos from TechInfos
16:51:59,582  INFO [main] org.archid.civ4.schema.SchemaParser - E:\WinMyDocs\My Games\Beyond the Sword\MODS\Archid-Base\Assets\Xml\Units\CIV4UnitSchema.xml: Could not parse line 		<group order="seq" minOccurs="0">
16:51:59,582  INFO [main] org.archid.civ4.schema.SchemaParser - E:\WinMyDocs\My Games\Beyond the Sword\MODS\Archid-Base\Assets\Xml\Units\CIV4UnitSchema.xml: Could not parse line 		</group>
16:51:59,592  INFO [main] org.archid.civ4.schema.SchemaParser - E:\WinMyDocs\My Games\Beyond the Sword\MODS\Archid-Base\Assets\Xml\Units\CIV4UnitSchema.xml: Could not parse line 		<group order="seq" minOccurs="0">
16:51:59,592  INFO [main] org.archid.civ4.schema.SchemaParser - E:\WinMyDocs\My Games\Beyond the Sword\MODS\Archid-Base\Assets\Xml\Units\CIV4UnitSchema.xml: Could not parse line 		</group>
16:51:59,619  INFO [main] org.archid.civ4.schema.SchemaParser - E:\WinMyDocs\My Games\Beyond the Sword\MODS\Archid-Base\Assets\Xml\Misc\CIV4MiscSchema.xml: Could not parse line 		<!-- Diffuse !-->
16:51:59,619  INFO [main] org.archid.civ4.schema.SchemaParser - E:\WinMyDocs\My Games\Beyond the Sword\MODS\Archid-Base\Assets\Xml\Misc\CIV4MiscSchema.xml: Could not parse line 		<!-- Specular !-->
16:51:59,619  INFO [main] org.archid.civ4.schema.SchemaParser - E:\WinMyDocs\My Games\Beyond the Sword\MODS\Archid-Base\Assets\Xml\Misc\CIV4MiscSchema.xml: Could not parse line 		<!-- Emmisive !-->
16:51:59,619  INFO [main] org.archid.civ4.schema.SchemaParser - E:\WinMyDocs\My Games\Beyond the Sword\MODS\Archid-Base\Assets\Xml\Misc\CIV4MiscSchema.xml: Could not parse line 		<!-- Alpha !-->
16:51:59,619  INFO [main] org.archid.civ4.schema.SchemaParser - E:\WinMyDocs\My Games\Beyond the Sword\MODS\Archid-Base\Assets\Xml\Misc\CIV4MiscSchema.xml: Could not parse line 		<!-- Diffuse !-->
16:51:59,619  INFO [main] org.archid.civ4.schema.SchemaParser - E:\WinMyDocs\My Games\Beyond the Sword\MODS\Archid-Base\Assets\Xml\Misc\CIV4MiscSchema.xml: Could not parse line 		<!-- Specular !-->
16:51:59,621  INFO [main] org.archid.civ4.schema.SchemaParser - E:\WinMyDocs\My Games\Beyond the Sword\MODS\Archid-Base\Assets\Xml\Misc\CIV4MiscSchema.xml: Could not parse line 		<!-- Emmisive !-->
16:51:59,621  INFO [main] org.archid.civ4.schema.SchemaParser - E:\WinMyDocs\My Games\Beyond the Sword\MODS\Archid-Base\Assets\Xml\Misc\CIV4MiscSchema.xml: Could not parse line 		<!-- Alpha !-->
16:51:59,623  INFO [main] org.archid.civ4.schema.HtmlGenerator - Creating html Civ4PlayerOptionInfos from PlayerOptionInfos
16:51:59,625  INFO [main] org.archid.civ4.schema.HtmlGenerator - Creating html Civ4EraInfos from EraInfos
16:51:59,629  INFO [main] org.archid.civ4.schema.HtmlGenerator - Creating html Civ4UpkeepInfo from UpkeepInfos
16:51:59,631  INFO [main] org.archid.civ4.schema.HtmlGenerator - Creating html Civ4HurryInfo from HurryInfos
16:51:59,632  INFO [main] org.archid.civ4.schema.HtmlGenerator - Creating html Civ4CivicInfos from CivicInfos
16:51:59,638  INFO [main] org.archid.civ4.schema.HtmlGenerator - Creating html Civ4WorldInfo from WorldInfos
16:51:59,640  INFO [main] org.archid.civ4.schema.HtmlGenerator - Creating html Civ4CorporationInfo from CorporationInfos
16:51:59,642  INFO [main] org.archid.civ4.schema.HtmlGenerator - Creating html Civ4ProjectInfo from ProjectInfos
16:51:59,646  INFO [main] org.archid.civ4.schema.HtmlGenerator - Creating html Civ4VoteSourceInfos from VoteSourceInfos
16:51:59,648  INFO [main] org.archid.civ4.schema.HtmlGenerator - Creating html Civ4VoteInfo from VoteInfos
16:51:59,651  INFO [main] org.archid.civ4.schema.HtmlGenerator - Creating html Civ4GraphicOptionInfos from GraphicOptionInfos
16:51:59,653  INFO [main] org.archid.civ4.schema.HtmlGenerator - Creating html Civ4SeaLevelInfo from SeaLevelInfos
16:51:59,655  INFO [main] org.archid.civ4.schema.HtmlGenerator - Creating html Civ4ClimateInfo from ClimateInfos
16:51:59,657  INFO [main] org.archid.civ4.schema.HtmlGenerator - Creating html Civ4GameTurnInfo from GameTurnInfos
16:51:59,657  INFO [main] org.archid.civ4.schema.HtmlGenerator - Creating html Civ4EmphasizeInfo from EmphasizeInfos
16:51:59,659  INFO [main] org.archid.civ4.schema.HtmlGenerator - Creating html Civ4DiplomacyInfos from DiplomacyInfos
16:51:59,661  INFO [main] org.archid.civ4.schema.HtmlGenerator - Creating html Civ4EspionageMissionInfo from EspionageMissionInfos
16:51:59,664  INFO [main] org.archid.civ4.schema.HtmlGenerator - Creating html SpeedThresholds from SpeedThreshold
16:51:59,665  INFO [main] org.archid.civ4.schema.HtmlGenerator - Creating html Civ4GameOptionInfos from GameOptionInfos
16:51:59,665  INFO [main] org.archid.civ4.schema.HtmlGenerator - Creating html Civ4ProcessInfo from ProcessInfos
16:51:59,667  INFO [main] org.archid.civ4.schema.HtmlGenerator - Creating html Civ4ForceControlInfos from ForceControlInfos
16:51:59,669  INFO [main] org.archid.civ4.schema.HtmlGenerator - Creating html Civ4TurnTimerInfo from TurnTimerInfos
16:51:59,671  INFO [main] org.archid.civ4.schema.HtmlGenerator - Creating html Civ4CultureLevelInfo from CultureLevelInfos
16:51:59,671  INFO [main] org.archid.civ4.schema.HtmlGenerator - Creating html Civ4CommerceInfo from CommerceInfos
16:51:59,673  INFO [main] org.archid.civ4.schema.HtmlGenerator - Creating html Civ4HandicapInfo from HandicapInfos
16:51:59,677  INFO [main] org.archid.civ4.schema.HtmlGenerator - Creating html Civ4ReligionInfo from ReligionInfos
16:51:59,679  INFO [main] org.archid.civ4.schema.HtmlGenerator - Creating html Civ4VictoryInfo from VictoryInfos
16:51:59,683  INFO [main] org.archid.civ4.schema.HtmlGenerator - Creating html Civ4CivicOptionInfos from CivicOptionInfos
16:51:59,684  INFO [main] org.archid.civ4.schema.HtmlGenerator - Creating html Civ4GameSpeedInfo from GameSpeedInfos
16:51:59,686  INFO [main] org.archid.civ4.schema.HtmlGenerator - Creating html Civ4SpecialistInfos from SpecialistInfos
16:51:59,688  INFO [main] org.archid.civ4.schema.HtmlGenerator - Creating html Civ4GoodyInfo from GoodyInfos
16:51:59,690  INFO [main] org.archid.civ4.schema.HtmlGenerator - Creating html Civ4CursorInfo from CursorInfos
16:51:59,692  INFO [main] org.archid.civ4.schema.HtmlGenerator - Creating html Civ4MPOptionInfos from MPOptionInfos
16:51:59,692  INFO [main] org.archid.civ4.schema.HtmlGenerator - Creating html Civ4Hints from HintInfos
16:51:59,694  INFO [main] org.archid.civ4.schema.HtmlGenerator - Creating html Civ4WorldViewInfos from WorldViewInfos
16:51:59,694  INFO [main] org.archid.civ4.schema.HtmlGenerator - Creating html Civ4BonusClassInfos from BonusClassInfos
16:51:59,698  INFO [main] org.archid.civ4.schema.HtmlGenerator - Creating html Civ4ImprovementInfos from ImprovementInfos
16:51:59,700  INFO [main] org.archid.civ4.schema.HtmlGenerator - Creating html Civ4FeatureInfos from FeatureInfos
16:51:59,702  INFO [main] org.archid.civ4.schema.HtmlGenerator - Creating html Civ4TerrainSettings from LandscapeInfos
16:51:59,704  INFO [main] org.archid.civ4.schema.HtmlGenerator - Creating html Civ4YieldInfos from YieldInfos
16:51:59,706  INFO [main] org.archid.civ4.schema.HtmlGenerator - Creating html Civ4BonusInfos from BonusInfos
16:51:59,708  INFO [main] org.archid.civ4.schema.HtmlGenerator - Creating html Civ4TerrainInfos from TerrainInfos
16:51:59,710  INFO [main] org.archid.civ4.schema.HtmlGenerator - Creating html Civ4BuildingClassInfos from BuildingClassInfos
16:51:59,712  INFO [main] org.archid.civ4.schema.HtmlGenerator - Creating html Civ4SpecialBuildingInfos from SpecialBuildingInfos
16:51:59,715  INFO [main] org.archid.civ4.schema.HtmlGenerator - Creating html Civ4BuildingInfos from BuildingInfos
16:51:59,720  INFO [main] org.archid.civ4.schema.HtmlGenerator - Creating html Civ4EventTriggerInfos from EventTriggerInfos
16:51:59,722  INFO [main] org.archid.civ4.schema.HtmlGenerator - Creating html Civ4StarEventInfos from StarEventInfos
16:51:59,722  INFO [main] org.archid.civ4.schema.HtmlGenerator - Creating html Civ4EventInfos from EventInfos
16:51:59,726  INFO [main] org.archid.civ4.schema.HtmlGenerator - Creating html Civ4CameraOverlayInfos from CameraOverlayInfos
16:51:59,728  INFO [main] org.archid.civ4.schema.HtmlGenerator - Creating html Civ4QuestInfos from QuestInfo
16:51:59,730  INFO [main] org.archid.civ4.schema.HtmlGenerator - Creating html Civ4RouteInfos from RouteInfos
16:51:59,732  INFO [main] org.archid.civ4.schema.HtmlGenerator - Creating html Civ4RiverInfos from RiverInfos
16:51:59,733  INFO [main] org.archid.civ4.schema.HtmlGenerator - Creating html Civ4PythonCallInfos from PythonCallInfo
16:51:59,733  INFO [main] org.archid.civ4.schema.HtmlGenerator - Creating html Civ4TerrainPlaneInfos from TerrainPlaneInfos
16:51:59,735  INFO [main] org.archid.civ4.schema.HtmlGenerator - Creating html Civ4WaterPlaneInfos from WaterPlaneInfos
16:51:59,737  INFO [main] org.archid.civ4.schema.HtmlGenerator - Creating html Civ4AttachableInfos from AttachableInfos
16:51:59,737  INFO [main] org.archid.civ4.schema.HtmlGenerator - Creating html Civ4EffectInfos from EffectInfos
16:51:59,739  INFO [main] org.archid.civ4.schema.HtmlGenerator - Creating html Civ4SeasonInfos from SeasonInfos
16:51:59,739  INFO [main] org.archid.civ4.schema.HtmlGenerator - Creating html Civ4DomainInfos from DomainInfos
16:51:59,741  INFO [main] org.archid.civ4.schema.HtmlGenerator - Creating html Civ4AttitudeInfos from AttitudeInfos
16:51:59,741  INFO [main] org.archid.civ4.schema.HtmlGenerator - Creating html Civ4CalendarInfos from CalendarInfos
16:51:59,743  INFO [main] org.archid.civ4.schema.HtmlGenerator - Creating html Civ4UnitCombatInfos from UnitCombatInfos
16:51:59,745  INFO [main] org.archid.civ4.schema.HtmlGenerator - Creating html Civ4CityTabInfos from CityTabInfos
16:51:59,745  INFO [main] org.archid.civ4.schema.HtmlGenerator - Creating html Civ4MonthInfos from MonthInfos
16:51:59,748  INFO [main] org.archid.civ4.schema.HtmlGenerator - Creating html Civ4DenialInfos from DenialInfos
16:51:59,749  INFO [main] org.archid.civ4.schema.HtmlGenerator - Creating html Civ4NewConceptInfos from NewConceptInfos
16:51:59,749  INFO [main] org.archid.civ4.schema.HtmlGenerator - Creating html Civ4MemoryInfos from MemoryInfos
16:51:59,749  INFO [main] org.archid.civ4.schema.HtmlGenerator - Creating html Civ4InvisibleInfos from InvisibleInfos
16:51:59,751  INFO [main] org.archid.civ4.schema.HtmlGenerator - Creating html Civ4BasicInfos from ConceptInfos
16:51:59,753  INFO [main] org.archid.civ4.schema.HtmlGenerator - Creating html Civ4UnitAIInfos from UnitAIInfos
16:51:59,753  INFO [main] org.archid.civ4.schema.HtmlGenerator - Creating html Civ4MissionInfos from MissionInfos
16:51:59,755  INFO [main] org.archid.civ4.schema.HtmlGenerator - Creating html Civ4WeaponInfos from WeaponInfos
16:51:59,757  INFO [main] org.archid.civ4.schema.HtmlGenerator - Creating html Civ4CommandInfos from CommandInfos
16:51:59,757  INFO [main] org.archid.civ4.schema.HtmlGenerator - Creating html Civ4UnitCombatInfos from UnitCombatInfos
16:51:59,759  INFO [main] org.archid.civ4.schema.HtmlGenerator - Creating html Civ4AnimationPathInfos from AnimationPaths
16:51:59,759  INFO [main] org.archid.civ4.schema.HtmlGenerator - Creating html Civ4DomainInfos from DomainInfos
16:51:59,759  INFO [main] org.archid.civ4.schema.HtmlGenerator - Creating html Civ4ControlInfos from ControlInfos
16:51:59,761  INFO [main] org.archid.civ4.schema.HtmlGenerator - Creating html Civ4UnitInfos from UnitInfos
16:51:59,766  INFO [main] org.archid.civ4.schema.HtmlGenerator - Creating html Civ4EntityEventInfos from EntityEventInfos
16:51:59,768  INFO [main] org.archid.civ4.schema.HtmlGenerator - Creating html Civ4UnitClassInfos from UnitClassInfos
16:51:59,769  INFO [main] org.archid.civ4.schema.HtmlGenerator - Creating html Civ4PromotionInfos from PromotionInfos
16:51:59,770  INFO [main] org.archid.civ4.schema.HtmlGenerator - Creating html Civ4AnimationInfos from AnimationCategories
16:51:59,772  INFO [main] org.archid.civ4.schema.HtmlGenerator - Creating html Civ4BuildInfos from BuildInfos
16:51:59,774  INFO [main] org.archid.civ4.schema.HtmlGenerator - Creating html Civ4AutomateInfos from AutomateInfos
16:51:59,774  INFO [main] org.archid.civ4.schema.HtmlGenerator - Creating html Civ4SpecialUnitInfos from SpecialUnitInfos
16:51:59,776  INFO [main] org.archid.civ4.schema.HtmlGenerator - Creating html Civ4CivilizationInfos from CivilizationInfos
16:51:59,778  INFO [main] org.archid.civ4.schema.HtmlGenerator - Creating html Civ4TraitInfos from TraitInfos
16:51:59,781  INFO [main] org.archid.civ4.schema.HtmlGenerator - Creating html Civ4UnitArtStyleTypeInfos from UnitArtStyleTypeInfos
16:51:59,783  INFO [main] org.archid.civ4.schema.HtmlGenerator - Creating html Civ4LeaderHeadInfos from LeaderHeadInfos
16:51:59,786  INFO [main] org.archid.civ4.schema.HtmlGenerator - Creating html Civ4TechInfos from TechInfos
17:08:08,821  INFO [main] org.archid.civ4.schema.SchemaParser - E:\WinMyDocs\My Games\Beyond the Sword\MODS\Archid-Base\Assets\Xml\Units\CIV4UnitSchema.xml: Could not parse line 		<group order="seq" minOccurs="0">
17:08:08,823  INFO [main] org.archid.civ4.schema.SchemaParser - E:\WinMyDocs\My Games\Beyond the Sword\MODS\Archid-Base\Assets\Xml\Units\CIV4UnitSchema.xml: Could not parse line 		</group>
17:08:08,829  INFO [main] org.archid.civ4.schema.SchemaParser - E:\WinMyDocs\My Games\Beyond the Sword\MODS\Archid-Base\Assets\Xml\Units\CIV4UnitSchema.xml: Could not parse line 		<group order="seq" minOccurs="0">
17:08:08,831  INFO [main] org.archid.civ4.schema.SchemaParser - E:\WinMyDocs\My Games\Beyond the Sword\MODS\Archid-Base\Assets\Xml\Units\CIV4UnitSchema.xml: Could not parse line 		</group>
17:08:08,859  INFO [main] org.archid.civ4.schema.SchemaParser - E:\WinMyDocs\My Games\Beyond the Sword\MODS\Archid-Base\Assets\Xml\Misc\CIV4MiscSchema.xml: Could not parse line 		<!-- Diffuse !-->
17:08:08,859  INFO [main] org.archid.civ4.schema.SchemaParser - E:\WinMyDocs\My Games\Beyond the Sword\MODS\Archid-Base\Assets\Xml\Misc\CIV4MiscSchema.xml: Could not parse line 		<!-- Specular !-->
17:08:08,859  INFO [main] org.archid.civ4.schema.SchemaParser - E:\WinMyDocs\My Games\Beyond the Sword\MODS\Archid-Base\Assets\Xml\Misc\CIV4MiscSchema.xml: Could not parse line 		<!-- Emmisive !-->
17:08:08,859  INFO [main] org.archid.civ4.schema.SchemaParser - E:\WinMyDocs\My Games\Beyond the Sword\MODS\Archid-Base\Assets\Xml\Misc\CIV4MiscSchema.xml: Could not parse line 		<!-- Alpha !-->
17:08:08,861  INFO [main] org.archid.civ4.schema.SchemaParser - E:\WinMyDocs\My Games\Beyond the Sword\MODS\Archid-Base\Assets\Xml\Misc\CIV4MiscSchema.xml: Could not parse line 		<!-- Diffuse !-->
17:08:08,861  INFO [main] org.archid.civ4.schema.SchemaParser - E:\WinMyDocs\My Games\Beyond the Sword\MODS\Archid-Base\Assets\Xml\Misc\CIV4MiscSchema.xml: Could not parse line 		<!-- Specular !-->
17:08:08,861  INFO [main] org.archid.civ4.schema.SchemaParser - E:\WinMyDocs\My Games\Beyond the Sword\MODS\Archid-Base\Assets\Xml\Misc\CIV4MiscSchema.xml: Could not parse line 		<!-- Emmisive !-->
17:08:08,861  INFO [main] org.archid.civ4.schema.SchemaParser - E:\WinMyDocs\My Games\Beyond the Sword\MODS\Archid-Base\Assets\Xml\Misc\CIV4MiscSchema.xml: Could not parse line 		<!-- Alpha !-->
17:08:08,865  INFO [main] org.archid.civ4.schema.HtmlGenerator - Creating html Civ4PlayerOptionInfos from PlayerOptionInfos
17:08:08,867  INFO [main] org.archid.civ4.schema.HtmlGenerator - Creating html Civ4EraInfos from EraInfos
17:08:08,869  INFO [main] org.archid.civ4.schema.HtmlGenerator - Creating html Civ4UpkeepInfo from UpkeepInfos
17:08:08,871  INFO [main] org.archid.civ4.schema.HtmlGenerator - Creating html Civ4HurryInfo from HurryInfos
17:08:08,873  INFO [main] org.archid.civ4.schema.HtmlGenerator - Creating html Civ4CivicInfos from CivicInfos
17:08:08,879  INFO [main] org.archid.civ4.schema.HtmlGenerator - Creating html Civ4WorldInfo from WorldInfos
17:08:08,883  INFO [main] org.archid.civ4.schema.HtmlGenerator - Creating html Civ4CorporationInfo from CorporationInfos
17:08:08,885  INFO [main] org.archid.civ4.schema.HtmlGenerator - Creating html Civ4ProjectInfo from ProjectInfos
17:08:08,887  INFO [main] org.archid.civ4.schema.HtmlGenerator - Creating html Civ4VoteSourceInfos from VoteSourceInfos
17:08:08,889  INFO [main] org.archid.civ4.schema.HtmlGenerator - Creating html Civ4VoteInfo from VoteInfos
17:08:08,891  INFO [main] org.archid.civ4.schema.HtmlGenerator - Creating html Civ4GraphicOptionInfos from GraphicOptionInfos
17:08:08,893  INFO [main] org.archid.civ4.schema.HtmlGenerator - Creating html Civ4SeaLevelInfo from SeaLevelInfos
17:08:08,895  INFO [main] org.archid.civ4.schema.HtmlGenerator - Creating html Civ4ClimateInfo from ClimateInfos
17:08:08,897  INFO [main] org.archid.civ4.schema.HtmlGenerator - Creating html Civ4GameTurnInfo from GameTurnInfos
17:08:08,899  INFO [main] org.archid.civ4.schema.HtmlGenerator - Creating html Civ4EmphasizeInfo from EmphasizeInfos
17:08:08,901  INFO [main] org.archid.civ4.schema.HtmlGenerator - Creating html Civ4DiplomacyInfos from DiplomacyInfos
17:08:08,903  INFO [main] org.archid.civ4.schema.HtmlGenerator - Creating html Civ4EspionageMissionInfo from EspionageMissionInfos
17:08:08,905  INFO [main] org.archid.civ4.schema.HtmlGenerator - Creating html SpeedThresholds from SpeedThreshold
17:08:08,907  INFO [main] org.archid.civ4.schema.HtmlGenerator - Creating html Civ4GameOptionInfos from GameOptionInfos
17:08:08,907  INFO [main] org.archid.civ4.schema.HtmlGenerator - Creating html Civ4ProcessInfo from ProcessInfos
17:08:08,909  INFO [main] org.archid.civ4.schema.HtmlGenerator - Creating html Civ4ForceControlInfos from ForceControlInfos
17:08:08,911  INFO [main] org.archid.civ4.schema.HtmlGenerator - Creating html Civ4TurnTimerInfo from TurnTimerInfos
17:08:08,913  INFO [main] org.archid.civ4.schema.HtmlGenerator - Creating html Civ4CultureLevelInfo from CultureLevelInfos
17:08:08,915  INFO [main] org.archid.civ4.schema.HtmlGenerator - Creating html Civ4CommerceInfo from CommerceInfos
17:08:08,917  INFO [main] org.archid.civ4.schema.HtmlGenerator - Creating html Civ4HandicapInfo from HandicapInfos
17:08:08,919  INFO [main] org.archid.civ4.schema.HtmlGenerator - Creating html Civ4ReligionInfo from ReligionInfos
17:08:08,921  INFO [main] org.archid.civ4.schema.HtmlGenerator - Creating html Civ4VictoryInfo from VictoryInfos
17:08:08,925  INFO [main] org.archid.civ4.schema.HtmlGenerator - Creating html Civ4CivicOptionInfos from CivicOptionInfos
17:08:08,925  INFO [main] org.archid.civ4.schema.HtmlGenerator - Creating html Civ4GameSpeedInfo from GameSpeedInfos
17:08:08,927  INFO [main] org.archid.civ4.schema.HtmlGenerator - Creating html Civ4SpecialistInfos from SpecialistInfos
17:08:08,929  INFO [main] org.archid.civ4.schema.HtmlGenerator - Creating html Civ4GoodyInfo from GoodyInfos
17:08:08,931  INFO [main] org.archid.civ4.schema.HtmlGenerator - Creating html Civ4CursorInfo from CursorInfos
17:08:08,933  INFO [main] org.archid.civ4.schema.HtmlGenerator - Creating html Civ4MPOptionInfos from MPOptionInfos
17:08:08,935  INFO [main] org.archid.civ4.schema.HtmlGenerator - Creating html Civ4Hints from HintInfos
17:08:08,937  INFO [main] org.archid.civ4.schema.HtmlGenerator - Creating html Civ4WorldViewInfos from WorldViewInfos
17:08:08,937  INFO [main] org.archid.civ4.schema.HtmlGenerator - Creating html Civ4BonusClassInfos from BonusClassInfos
17:08:08,939  INFO [main] org.archid.civ4.schema.HtmlGenerator - Creating html Civ4ImprovementInfos from ImprovementInfos
17:08:08,941  INFO [main] org.archid.civ4.schema.HtmlGenerator - Creating html Civ4FeatureInfos from FeatureInfos
17:08:08,943  INFO [main] org.archid.civ4.schema.HtmlGenerator - Creating html Civ4TerrainSettings from LandscapeInfos
17:08:08,945  INFO [main] org.archid.civ4.schema.HtmlGenerator - Creating html Civ4YieldInfos from YieldInfos
17:08:08,947  INFO [main] org.archid.civ4.schema.HtmlGenerator - Creating html Civ4BonusInfos from BonusInfos
17:08:08,949  INFO [main] org.archid.civ4.schema.HtmlGenerator - Creating html Civ4TerrainInfos from TerrainInfos
17:08:08,951  INFO [main] org.archid.civ4.schema.HtmlGenerator - Creating html Civ4BuildingClassInfos from BuildingClassInfos
17:08:08,953  INFO [main] org.archid.civ4.schema.HtmlGenerator - Creating html Civ4SpecialBuildingInfos from SpecialBuildingInfos
17:08:08,955  INFO [main] org.archid.civ4.schema.HtmlGenerator - Creating html Civ4BuildingInfos from BuildingInfos
17:08:08,959  INFO [main] org.archid.civ4.schema.HtmlGenerator - Creating html Civ4EventTriggerInfos from EventTriggerInfos
17:08:08,961  INFO [main] org.archid.civ4.schema.HtmlGenerator - Creating html Civ4StarEventInfos from StarEventInfos
17:08:08,963  INFO [main] org.archid.civ4.schema.HtmlGenerator - Creating html Civ4EventInfos from EventInfos
17:08:08,965  INFO [main] org.archid.civ4.schema.HtmlGenerator - Creating html Civ4CameraOverlayInfos from CameraOverlayInfos
17:08:08,967  INFO [main] org.archid.civ4.schema.HtmlGenerator - Creating html Civ4QuestInfos from QuestInfo
17:08:08,969  INFO [main] org.archid.civ4.schema.HtmlGenerator - Creating html Civ4RouteInfos from RouteInfos
17:08:08,971  INFO [main] org.archid.civ4.schema.HtmlGenerator - Creating html Civ4RiverInfos from RiverInfos
17:08:08,973  INFO [main] org.archid.civ4.schema.HtmlGenerator - Creating html Civ4PythonCallInfos from PythonCallInfo
17:08:08,975  INFO [main] org.archid.civ4.schema.HtmlGenerator - Creating html Civ4TerrainPlaneInfos from TerrainPlaneInfos
17:08:08,977  INFO [main] org.archid.civ4.schema.HtmlGenerator - Creating html Civ4WaterPlaneInfos from WaterPlaneInfos
17:08:08,979  INFO [main] org.archid.civ4.schema.HtmlGenerator - Creating html Civ4AttachableInfos from AttachableInfos
17:08:08,979  INFO [main] org.archid.civ4.schema.HtmlGenerator - Creating html Civ4EffectInfos from EffectInfos
17:08:08,981  INFO [main] org.archid.civ4.schema.HtmlGenerator - Creating html Civ4SeasonInfos from SeasonInfos
17:08:08,983  INFO [main] org.archid.civ4.schema.HtmlGenerator - Creating html Civ4DomainInfos from DomainInfos
17:08:08,985  INFO [main] org.archid.civ4.schema.HtmlGenerator - Creating html Civ4AttitudeInfos from AttitudeInfos
17:08:08,985  INFO [main] org.archid.civ4.schema.HtmlGenerator - Creating html Civ4CalendarInfos from CalendarInfos
17:08:08,987  INFO [main] org.archid.civ4.schema.HtmlGenerator - Creating html Civ4UnitCombatInfos from UnitCombatInfos
17:08:08,991  INFO [main] org.archid.civ4.schema.HtmlGenerator - Creating html Civ4CityTabInfos from CityTabInfos
17:08:08,991  INFO [main] org.archid.civ4.schema.HtmlGenerator - Creating html Civ4MonthInfos from MonthInfos
17:08:08,993  INFO [main] org.archid.civ4.schema.HtmlGenerator - Creating html Civ4DenialInfos from DenialInfos
17:08:08,993  INFO [main] org.archid.civ4.schema.HtmlGenerator - Creating html Civ4NewConceptInfos from NewConceptInfos
17:08:08,995  INFO [main] org.archid.civ4.schema.HtmlGenerator - Creating html Civ4MemoryInfos from MemoryInfos
17:08:08,997  INFO [main] org.archid.civ4.schema.HtmlGenerator - Creating html Civ4InvisibleInfos from InvisibleInfos
17:08:08,997  INFO [main] org.archid.civ4.schema.HtmlGenerator - Creating html Civ4BasicInfos from ConceptInfos
17:08:08,999  INFO [main] org.archid.civ4.schema.HtmlGenerator - Creating html Civ4UnitAIInfos from UnitAIInfos
17:08:08,999  INFO [main] org.archid.civ4.schema.HtmlGenerator - Creating html Civ4MissionInfos from MissionInfos
17:08:09,001  INFO [main] org.archid.civ4.schema.HtmlGenerator - Creating html Civ4WeaponInfos from WeaponInfos
17:08:09,003  INFO [main] org.archid.civ4.schema.HtmlGenerator - Creating html Civ4CommandInfos from CommandInfos
17:08:09,003  INFO [main] org.archid.civ4.schema.HtmlGenerator - Creating html Civ4UnitCombatInfos from UnitCombatInfos
17:08:09,005  INFO [main] org.archid.civ4.schema.HtmlGenerator - Creating html Civ4AnimationPathInfos from AnimationPaths
17:08:09,005  INFO [main] org.archid.civ4.schema.HtmlGenerator - Creating html Civ4DomainInfos from DomainInfos
17:08:09,007  INFO [main] org.archid.civ4.schema.HtmlGenerator - Creating html Civ4ControlInfos from ControlInfos
17:08:09,007  INFO [main] org.archid.civ4.schema.HtmlGenerator - Creating html Civ4UnitInfos from UnitInfos
17:08:09,011  INFO [main] org.archid.civ4.schema.HtmlGenerator - Creating html Civ4EntityEventInfos from EntityEventInfos
17:08:09,013  INFO [main] org.archid.civ4.schema.HtmlGenerator - Creating html Civ4UnitClassInfos from UnitClassInfos
17:08:09,015  INFO [main] org.archid.civ4.schema.HtmlGenerator - Creating html Civ4PromotionInfos from PromotionInfos
17:08:09,019  INFO [main] org.archid.civ4.schema.HtmlGenerator - Creating html Civ4AnimationInfos from AnimationCategories
17:08:09,019  INFO [main] org.archid.civ4.schema.HtmlGenerator - Creating html Civ4BuildInfos from BuildInfos
17:08:09,021  INFO [main] org.archid.civ4.schema.HtmlGenerator - Creating html Civ4AutomateInfos from AutomateInfos
17:08:09,023  INFO [main] org.archid.civ4.schema.HtmlGenerator - Creating html Civ4SpecialUnitInfos from SpecialUnitInfos
17:08:09,023  INFO [main] org.archid.civ4.schema.HtmlGenerator - Creating html Civ4CivilizationInfos from CivilizationInfos
17:08:09,025  INFO [main] org.archid.civ4.schema.HtmlGenerator - Creating html Civ4TraitInfos from TraitInfos
17:08:09,027  INFO [main] org.archid.civ4.schema.HtmlGenerator - Creating html Civ4UnitArtStyleTypeInfos from UnitArtStyleTypeInfos
17:08:09,029  INFO [main] org.archid.civ4.schema.HtmlGenerator - Creating html Civ4LeaderHeadInfos from LeaderHeadInfos
17:08:09,031  INFO [main] org.archid.civ4.schema.HtmlGenerator - Creating html Civ4TechInfos from TechInfos
